<?xml version="1.0" encoding="UTF-8"?>
<!-- Generated by org.testng.reporters.JUnitReportReporter -->
<testsuite hostname="ASHISHANMUMLAP" failures="0" tests="1" name="testCase.TestCase" time="20.610" errors="0" timestamp="2024-12-12T14:32:37 IST" skipped="0">
  <testcase classname="testCase.TestCase" name="TC01_TitleValidation" time="20.610"/>
  <system-out/>
</testsuite> <!-- testCase.TestCase -->
