<?xml version="1.0" encoding="UTF-8"?>
<!-- Generated by org.testng.reporters.JUnitReportReporter -->
<testsuite hostname="ASHISHANMUMLAP" failures="0" tests="1" name="testCase.TestCase" time="29.116" errors="0" timestamp="2024-10-09T19:44:06 IST" skipped="0">
  <testcase classname="testCase.TestCase" name="TC01_TitleValidation" time="29.116"/>
  <system-out/>
</testsuite> <!-- testCase.TestCase -->
